{
  "stats": {
    "suites": 0,
    "tests": 1,
    "passes": 0,
    "pending": 0,
    "failures": 1,
    "start": "2025-11-08T00:50:23.094Z",
    "end": "2025-11-08T00:50:23.407Z",
    "duration": 313,
    "testsRegistered": 1,
    "passPercent": 0,
    "pendingPercent": 0,
    "other": 0,
    "hasOther": false,
    "skipped": 0,
    "hasSkipped": false
  },
  "results": [
    {
      "uuid": "ca9f02d7-76df-463b-b62f-27b77c609521",
      "title": "",
      "fullFile": "tests\\automation\\cypress\\cucumber\\cadastro.feature",
      "file": "tests\\automation\\cypress\\cucumber\\cadastro.feature",
      "beforeHooks": [],
      "afterHooks": [],
      "tests": [
        {
          "title": "An uncaught error was detected outside of a test",
          "fullTitle": "An uncaught error was detected outside of a test",
          "timedOut": null,
          "duration": 292,
          "state": "failed",
          "speed": null,
          "pass": false,
          "fail": true,
          "pending": false,
          "context": "{\n  \"title\": \"cypress-mochawesome-reporter-screenshots\",\n  \"value\": [\n    [\n      \"\\\\cadastro.feature\\\\An uncaught error was detected outside of a test (failed).png\"\n    ]\n  ]\n}",
          "code": "throw err;",
          "err": {
            "message": "Error: The following error originated from your test code, not from Cypress.\n\n  > This Cucumber Expression has a problem at column 1:\n\n{Criar conta}\n^-----------^\nUndefined parameter type 'Criar conta'.\nPlease register a ParameterType for 'Criar conta'\n\nWhen Cypress detects uncaught errors originating from your test code it will automatically fail the current test.\n\nCypress could not associate this error to any specific test.\n\nWe dynamically generated a new test to display this failure.",
            "estack": "Error: The following error originated from your test code, not from Cypress.\n\n  > This Cucumber Expression has a problem at column 1:\n\n{Criar conta}\n^-----------^\nUndefined parameter type 'Criar conta'.\nPlease register a ParameterType for 'Criar conta'\n\nWhen Cypress detects uncaught errors originating from your test code it will automatically fail the current test.\n\nCypress could not associate this error to any specific test.\n\nWe dynamically generated a new test to display this failure.\n    at UndefinedParameterTypeError2.CucumberExpressionError2 [as constructor] (https://paciente-staging.lacreisaude.com.br/__cypress/tests?p=tests\\automation\\cypress\\cucumber\\cadastro.feature:58:46)\n    at new UndefinedParameterTypeError2 (https://paciente-staging.lacreisaude.com.br/__cypress/tests?p=tests\\automation\\cypress\\cucumber\\cadastro.feature:381:32)\n    at createUndefinedParameterType (https://paciente-staging.lacreisaude.com.br/__cypress/tests?p=tests\\automation\\cypress\\cucumber\\cadastro.feature:390:16)\n    at CucumberExpression2.rewriteParameter (https://paciente-staging.lacreisaude.com.br/__cypress/tests?p=tests\\automation\\cypress\\cucumber\\cadastro.feature:6869:66)\n    at CucumberExpression2.rewriteToRegex (https://paciente-staging.lacreisaude.com.br/__cypress/tests?p=tests\\automation\\cypress\\cucumber\\cadastro.feature:6806:29)\n    at eval (https://paciente-staging.lacreisaude.com.br/__cypress/tests?p=tests\\automation\\cypress\\cucumber\\cadastro.feature:6881:28)\n    at Array.map (<anonymous>)\n    at CucumberExpression2.rewriteExpression (https://paciente-staging.lacreisaude.com.br/__cypress/tests?p=tests\\automation\\cypress\\cucumber\\cadastro.feature:6880:44)\n    at CucumberExpression2.rewriteToRegex (https://paciente-staging.lacreisaude.com.br/__cypress/tests?p=tests\\automation\\cypress\\cucumber\\cadastro.feature:6808:29)\n    at new CucumberExpression2 (https://paciente-staging.lacreisaude.com.br/__cypress/tests?p=tests\\automation\\cypress\\cucumber\\cadastro.feature:6792:32)",
            "diff": null
          },
          "uuid": "8d523d7f-c548-40f1-8f63-95dcbfd09b79",
          "parentUUID": "ca9f02d7-76df-463b-b62f-27b77c609521",
          "isHook": false,
          "skipped": false
        }
      ],
      "suites": [],
      "passes": [],
      "failures": [
        "8d523d7f-c548-40f1-8f63-95dcbfd09b79"
      ],
      "pending": [],
      "skipped": [],
      "duration": 292,
      "root": true,
      "rootEmpty": false,
      "_timeout": 2000
    }
  ],
  "meta": {
    "mocha": {
      "version": "7.2.0"
    },
    "mochawesome": {
      "options": {
        "quiet": false,
        "reportFilename": "mochawesome",
        "saveHtml": false,
        "saveJson": true,
        "consoleReporter": "spec",
        "useInlineDiffs": false,
        "code": true
      },
      "version": "7.1.4"
    },
    "marge": {
      "options": {
        "reportDir": "tests\\automation\\reports\\.jsons",
        "overwrite": false,
        "html": false,
        "json": true
      },
      "version": "6.3.2"
    }
  }
}